CRITICAL - 2026-01-06 10:50:27 --> CodeIgniter\View\Exceptions\ViewException: Invalid file: "dashboard/index.php"
[Method: GET, Route: /]
in SYSTEMPATH\Exceptions\FrameworkException.php on line 39.
 1 SYSTEMPATH\View\View.php(214): CodeIgniter\Exceptions\FrameworkException::forInvalidFile('dashboard/index.php')
 2 SYSTEMPATH\Common.php(1199): CodeIgniter\View\View->render('dashboard/index', [], true)
 3 APPPATH\Controllers\Dashboard.php(9): view('dashboard/index', [...])
 4 SYSTEMPATH\CodeIgniter.php(933): App\Controllers\Dashboard->index()
 5 SYSTEMPATH\CodeIgniter.php(507): CodeIgniter\CodeIgniter->runController(Object(App\Controllers\Dashboard))
 6 SYSTEMPATH\CodeIgniter.php(354): CodeIgniter\CodeIgniter->handleRequest(null, Object(Config\Cache), false)
 7 SYSTEMPATH\Boot.php(363): CodeIgniter\CodeIgniter->run()
 8 SYSTEMPATH\Boot.php(68): CodeIgniter\Boot::runCodeIgniter(Object(CodeIgniter\CodeIgniter))
 9 FCPATH\index.php(59): CodeIgniter\Boot::bootWeb(Object(Config\Paths))
10 SYSTEMPATH\rewrite.php(44): require_once('D:\\TestSekawan\\vehicle-booking\\public\\index.php')
CRITICAL - 2026-01-06 10:50:30 --> CodeIgniter\View\Exceptions\ViewException: Invalid file: "dashboard/index.php"
[Method: GET, Route: /]
in SYSTEMPATH\Exceptions\FrameworkException.php on line 39.
 1 SYSTEMPATH\View\View.php(214): CodeIgniter\Exceptions\FrameworkException::forInvalidFile('dashboard/index.php')
 2 SYSTEMPATH\Common.php(1199): CodeIgniter\View\View->render('dashboard/index', [], true)
 3 APPPATH\Controllers\Dashboard.php(9): view('dashboard/index', [...])
 4 SYSTEMPATH\CodeIgniter.php(933): App\Controllers\Dashboard->index()
 5 SYSTEMPATH\CodeIgniter.php(507): CodeIgniter\CodeIgniter->runController(Object(App\Controllers\Dashboard))
 6 SYSTEMPATH\CodeIgniter.php(354): CodeIgniter\CodeIgniter->handleRequest(null, Object(Config\Cache), false)
 7 SYSTEMPATH\Boot.php(363): CodeIgniter\CodeIgniter->run()
 8 SYSTEMPATH\Boot.php(68): CodeIgniter\Boot::runCodeIgniter(Object(CodeIgniter\CodeIgniter))
 9 FCPATH\index.php(59): CodeIgniter\Boot::bootWeb(Object(Config\Paths))
10 SYSTEMPATH\rewrite.php(44): require_once('D:\\TestSekawan\\vehicle-booking\\public\\index.php')
ERROR - 2026-01-06 14:24:14 --> Error connecting to the database: mysqli_sql_exception: Access denied for user ''@'localhost' (using password: NO) in D:\TestSekawan\testVehicle_booking\vendor\codeigniter4\framework\system\Database\MySQLi\Connection.php:201
Stack trace:
#0 D:\TestSekawan\testVehicle_booking\vendor\codeigniter4\framework\system\Database\MySQLi\Connection.php(201): mysqli->real_connect('localhost', '', Object(SensitiveParameterValue), '', 3306, '', 0)
#1 D:\TestSekawan\testVehicle_booking\vendor\codeigniter4\framework\system\Database\BaseConnection.php(419): CodeIgniter\Database\MySQLi\Connection->connect(false)
#2 D:\TestSekawan\testVehicle_booking\vendor\codeigniter4\framework\system\Database\BaseConnection.php(614): CodeIgniter\Database\BaseConnection->initialize()
#3 D:\TestSekawan\testVehicle_booking\vendor\codeigniter4\framework\system\Database\BaseConnection.php(1525): CodeIgniter\Database\BaseConnection->query('SHOW TABLES FRO...')
#4 D:\TestSekawan\testVehicle_booking\vendor\codeigniter4\framework\system\Database\BaseConnection.php(1545): CodeIgniter\Database\BaseConnection->listTables()
#5 D:\TestSekawan\testVehicle_booking\vendor\codeigniter4\framework\system\Database\MigrationRunner.php(766): CodeIgniter\Database\BaseConnection->tableExists('migrations')
#6 D:\TestSekawan\testVehicle_booking\vendor\codeigniter4\framework\system\Database\MigrationRunner.php(160): CodeIgniter\Database\MigrationRunner->ensureTable()
#7 D:\TestSekawan\testVehicle_booking\vendor\codeigniter4\framework\system\Commands\Database\Migrate.php(85): CodeIgniter\Database\MigrationRunner->latest(NULL)
#8 D:\TestSekawan\testVehicle_booking\vendor\codeigniter4\framework\system\CLI\Commands.php(74): CodeIgniter\Commands\Database\Migrate->run(Array)
#9 D:\TestSekawan\testVehicle_booking\vendor\codeigniter4\framework\system\CLI\Console.php(47): CodeIgniter\CLI\Commands->run('migrate', Array)
#10 D:\TestSekawan\testVehicle_booking\vendor\codeigniter4\framework\system\Boot.php(388): CodeIgniter\CLI\Console->run()
#11 D:\TestSekawan\testVehicle_booking\vendor\codeigniter4\framework\system\Boot.php(133): CodeIgniter\Boot::runCommand(Object(CodeIgniter\CLI\Console))
#12 D:\TestSekawan\testVehicle_booking\spark(87): CodeIgniter\Boot::bootSpark(Object(Config\Paths))
#13 {main}

Next CodeIgniter\Database\Exceptions\DatabaseException: Access denied for user ''@'localhost' (using password: NO) in D:\TestSekawan\testVehicle_booking\vendor\codeigniter4\framework\system\Database\MySQLi\Connection.php:246
Stack trace:
#0 D:\TestSekawan\testVehicle_booking\vendor\codeigniter4\framework\system\Database\BaseConnection.php(419): CodeIgniter\Database\MySQLi\Connection->connect(false)
#1 D:\TestSekawan\testVehicle_booking\vendor\codeigniter4\framework\system\Database\BaseConnection.php(614): CodeIgniter\Database\BaseConnection->initialize()
#2 D:\TestSekawan\testVehicle_booking\vendor\codeigniter4\framework\system\Database\BaseConnection.php(1525): CodeIgniter\Database\BaseConnection->query('SHOW TABLES FRO...')
#3 D:\TestSekawan\testVehicle_booking\vendor\codeigniter4\framework\system\Database\BaseConnection.php(1545): CodeIgniter\Database\BaseConnection->listTables()
#4 D:\TestSekawan\testVehicle_booking\vendor\codeigniter4\framework\system\Database\MigrationRunner.php(766): CodeIgniter\Database\BaseConnection->tableExists('migrations')
#5 D:\TestSekawan\testVehicle_booking\vendor\codeigniter4\framework\system\Database\MigrationRunner.php(160): CodeIgniter\Database\MigrationRunner->ensureTable()
#6 D:\TestSekawan\testVehicle_booking\vendor\codeigniter4\framework\system\Commands\Database\Migrate.php(85): CodeIgniter\Database\MigrationRunner->latest(NULL)
#7 D:\TestSekawan\testVehicle_booking\vendor\codeigniter4\framework\system\CLI\Commands.php(74): CodeIgniter\Commands\Database\Migrate->run(Array)
#8 D:\TestSekawan\testVehicle_booking\vendor\codeigniter4\framework\system\CLI\Console.php(47): CodeIgniter\CLI\Commands->run('migrate', Array)
#9 D:\TestSekawan\testVehicle_booking\vendor\codeigniter4\framework\system\Boot.php(388): CodeIgniter\CLI\Console->run()
#10 D:\TestSekawan\testVehicle_booking\vendor\codeigniter4\framework\system\Boot.php(133): CodeIgniter\Boot::runCommand(Object(CodeIgniter\CLI\Console))
#11 D:\TestSekawan\testVehicle_booking\spark(87): CodeIgniter\Boot::bootSpark(Object(Config\Paths))
#12 {main}
CRITICAL - 2026-01-06 14:24:14 --> ErrorException: require(D:\TestSekawan\testVehicle_booking\app\Views/errors/cli/error_exception.php): Failed to open stream: No such file or directory
[Method: CLI, Route: migrate]
in SYSTEMPATH\CLI\BaseCommand.php on line 133.
 1 SYSTEMPATH\CLI\BaseCommand.php(133): CodeIgniter\Debug\Exceptions->errorHandler(2, 'require(D:\\TestSekawan\\testVehicle_booking\\app\\Views/errors/cli/error_exception.php): Failed to open stream: No such file or directory', 'D:\\TestSekawan\\testVehicle_booking\\vendor\\codeigniter4\\framework\\system\\CLI\\BaseCommand.php', 133)
 2 SYSTEMPATH\CLI\BaseCommand.php(133): require()
 3 SYSTEMPATH\Commands\Database\Migrate.php(99): CodeIgniter\CLI\BaseCommand->showError(Object(CodeIgniter\Database\Exceptions\DatabaseException))
 4 SYSTEMPATH\CLI\Commands.php(74): CodeIgniter\Commands\Database\Migrate->run([])
 5 SYSTEMPATH\CLI\Console.php(47): CodeIgniter\CLI\Commands->run('migrate', [])
 6 SYSTEMPATH\Boot.php(388): CodeIgniter\CLI\Console->run()
 7 SYSTEMPATH\Boot.php(133): CodeIgniter\Boot::runCommand(Object(CodeIgniter\CLI\Console))
 8 ROOTPATH\spark(87): CodeIgniter\Boot::bootSpark(Object(Config\Paths))
ERROR - 2026-01-06 14:25:12 --> Error connecting to the database: mysqli_sql_exception: Access denied for user ''@'localhost' (using password: NO) in D:\TestSekawan\testVehicle_booking\vendor\codeigniter4\framework\system\Database\MySQLi\Connection.php:201
Stack trace:
#0 D:\TestSekawan\testVehicle_booking\vendor\codeigniter4\framework\system\Database\MySQLi\Connection.php(201): mysqli->real_connect('localhost', '', Object(SensitiveParameterValue), '', 3306, '', 0)
#1 D:\TestSekawan\testVehicle_booking\vendor\codeigniter4\framework\system\Database\BaseConnection.php(419): CodeIgniter\Database\MySQLi\Connection->connect(false)
#2 D:\TestSekawan\testVehicle_booking\vendor\codeigniter4\framework\system\Database\BaseConnection.php(614): CodeIgniter\Database\BaseConnection->initialize()
#3 D:\TestSekawan\testVehicle_booking\vendor\codeigniter4\framework\system\Database\BaseConnection.php(1525): CodeIgniter\Database\BaseConnection->query('SHOW TABLES FRO...')
#4 D:\TestSekawan\testVehicle_booking\vendor\codeigniter4\framework\system\Database\BaseConnection.php(1545): CodeIgniter\Database\BaseConnection->listTables()
#5 D:\TestSekawan\testVehicle_booking\vendor\codeigniter4\framework\system\Database\MigrationRunner.php(766): CodeIgniter\Database\BaseConnection->tableExists('migrations')
#6 D:\TestSekawan\testVehicle_booking\vendor\codeigniter4\framework\system\Database\MigrationRunner.php(160): CodeIgniter\Database\MigrationRunner->ensureTable()
#7 D:\TestSekawan\testVehicle_booking\vendor\codeigniter4\framework\system\Commands\Database\Migrate.php(85): CodeIgniter\Database\MigrationRunner->latest(NULL)
#8 D:\TestSekawan\testVehicle_booking\vendor\codeigniter4\framework\system\CLI\Commands.php(74): CodeIgniter\Commands\Database\Migrate->run(Array)
#9 D:\TestSekawan\testVehicle_booking\vendor\codeigniter4\framework\system\CLI\Console.php(47): CodeIgniter\CLI\Commands->run('migrate', Array)
#10 D:\TestSekawan\testVehicle_booking\vendor\codeigniter4\framework\system\Boot.php(388): CodeIgniter\CLI\Console->run()
#11 D:\TestSekawan\testVehicle_booking\vendor\codeigniter4\framework\system\Boot.php(133): CodeIgniter\Boot::runCommand(Object(CodeIgniter\CLI\Console))
#12 D:\TestSekawan\testVehicle_booking\spark(87): CodeIgniter\Boot::bootSpark(Object(Config\Paths))
#13 {main}

Next CodeIgniter\Database\Exceptions\DatabaseException: Access denied for user ''@'localhost' (using password: NO) in D:\TestSekawan\testVehicle_booking\vendor\codeigniter4\framework\system\Database\MySQLi\Connection.php:246
Stack trace:
#0 D:\TestSekawan\testVehicle_booking\vendor\codeigniter4\framework\system\Database\BaseConnection.php(419): CodeIgniter\Database\MySQLi\Connection->connect(false)
#1 D:\TestSekawan\testVehicle_booking\vendor\codeigniter4\framework\system\Database\BaseConnection.php(614): CodeIgniter\Database\BaseConnection->initialize()
#2 D:\TestSekawan\testVehicle_booking\vendor\codeigniter4\framework\system\Database\BaseConnection.php(1525): CodeIgniter\Database\BaseConnection->query('SHOW TABLES FRO...')
#3 D:\TestSekawan\testVehicle_booking\vendor\codeigniter4\framework\system\Database\BaseConnection.php(1545): CodeIgniter\Database\BaseConnection->listTables()
#4 D:\TestSekawan\testVehicle_booking\vendor\codeigniter4\framework\system\Database\MigrationRunner.php(766): CodeIgniter\Database\BaseConnection->tableExists('migrations')
#5 D:\TestSekawan\testVehicle_booking\vendor\codeigniter4\framework\system\Database\MigrationRunner.php(160): CodeIgniter\Database\MigrationRunner->ensureTable()
#6 D:\TestSekawan\testVehicle_booking\vendor\codeigniter4\framework\system\Commands\Database\Migrate.php(85): CodeIgniter\Database\MigrationRunner->latest(NULL)
#7 D:\TestSekawan\testVehicle_booking\vendor\codeigniter4\framework\system\CLI\Commands.php(74): CodeIgniter\Commands\Database\Migrate->run(Array)
#8 D:\TestSekawan\testVehicle_booking\vendor\codeigniter4\framework\system\CLI\Console.php(47): CodeIgniter\CLI\Commands->run('migrate', Array)
#9 D:\TestSekawan\testVehicle_booking\vendor\codeigniter4\framework\system\Boot.php(388): CodeIgniter\CLI\Console->run()
#10 D:\TestSekawan\testVehicle_booking\vendor\codeigniter4\framework\system\Boot.php(133): CodeIgniter\Boot::runCommand(Object(CodeIgniter\CLI\Console))
#11 D:\TestSekawan\testVehicle_booking\spark(87): CodeIgniter\Boot::bootSpark(Object(Config\Paths))
#12 {main}
CRITICAL - 2026-01-06 14:25:12 --> ErrorException: require(D:\TestSekawan\testVehicle_booking\app\Views/errors/cli/error_exception.php): Failed to open stream: No such file or directory
[Method: CLI, Route: migrate]
in SYSTEMPATH\CLI\BaseCommand.php on line 133.
 1 SYSTEMPATH\CLI\BaseCommand.php(133): CodeIgniter\Debug\Exceptions->errorHandler(2, 'require(D:\\TestSekawan\\testVehicle_booking\\app\\Views/errors/cli/error_exception.php): Failed to open stream: No such file or directory', 'D:\\TestSekawan\\testVehicle_booking\\vendor\\codeigniter4\\framework\\system\\CLI\\BaseCommand.php', 133)
 2 SYSTEMPATH\CLI\BaseCommand.php(133): require()
 3 SYSTEMPATH\Commands\Database\Migrate.php(99): CodeIgniter\CLI\BaseCommand->showError(Object(CodeIgniter\Database\Exceptions\DatabaseException))
 4 SYSTEMPATH\CLI\Commands.php(74): CodeIgniter\Commands\Database\Migrate->run([])
 5 SYSTEMPATH\CLI\Console.php(47): CodeIgniter\CLI\Commands->run('migrate', [])
 6 SYSTEMPATH\Boot.php(388): CodeIgniter\CLI\Console->run()
 7 SYSTEMPATH\Boot.php(133): CodeIgniter\Boot::runCommand(Object(CodeIgniter\CLI\Console))
 8 ROOTPATH\spark(87): CodeIgniter\Boot::bootSpark(Object(Config\Paths))
CRITICAL - 2026-01-06 15:01:02 --> CodeIgniter\View\Exceptions\ViewException: Invalid file: "vehicles/index.php"
[Method: GET, Route: vehicle]
in SYSTEMPATH\Exceptions\FrameworkException.php on line 39.
 1 SYSTEMPATH\View\View.php(214): CodeIgniter\Exceptions\FrameworkException::forInvalidFile('vehicles/index.php')
 2 SYSTEMPATH\Common.php(1199): CodeIgniter\View\View->render('vehicles/index', [], true)
 3 APPPATH\Controllers\Vehicle.php(22): view('vehicles/index', [...])
 4 SYSTEMPATH\CodeIgniter.php(933): App\Controllers\Vehicle->index()
 5 SYSTEMPATH\CodeIgniter.php(507): CodeIgniter\CodeIgniter->runController(Object(App\Controllers\Vehicle))
 6 SYSTEMPATH\CodeIgniter.php(354): CodeIgniter\CodeIgniter->handleRequest(null, Object(Config\Cache), false)
 7 SYSTEMPATH\Boot.php(363): CodeIgniter\CodeIgniter->run()
 8 SYSTEMPATH\Boot.php(68): CodeIgniter\Boot::runCodeIgniter(Object(CodeIgniter\CodeIgniter))
 9 FCPATH\index.php(59): CodeIgniter\Boot::bootWeb(Object(Config\Paths))
10 SYSTEMPATH\rewrite.php(44): require_once('D:\\TestSekawan\\testVehicle_booking\\public\\index.php')
CRITICAL - 2026-01-06 15:01:44 --> CodeIgniter\View\Exceptions\ViewException: Invalid file: "vehicles/index.php"
[Method: GET, Route: vehicle]
in SYSTEMPATH\Exceptions\FrameworkException.php on line 39.
 1 SYSTEMPATH\View\View.php(214): CodeIgniter\Exceptions\FrameworkException::forInvalidFile('vehicles/index.php')
 2 SYSTEMPATH\Common.php(1199): CodeIgniter\View\View->render('vehicles/index', [], true)
 3 APPPATH\Controllers\Vehicle.php(22): view('vehicles/index', [...])
 4 SYSTEMPATH\CodeIgniter.php(933): App\Controllers\Vehicle->index()
 5 SYSTEMPATH\CodeIgniter.php(507): CodeIgniter\CodeIgniter->runController(Object(App\Controllers\Vehicle))
 6 SYSTEMPATH\CodeIgniter.php(354): CodeIgniter\CodeIgniter->handleRequest(null, Object(Config\Cache), false)
 7 SYSTEMPATH\Boot.php(363): CodeIgniter\CodeIgniter->run()
 8 SYSTEMPATH\Boot.php(68): CodeIgniter\Boot::runCodeIgniter(Object(CodeIgniter\CodeIgniter))
 9 FCPATH\index.php(59): CodeIgniter\Boot::bootWeb(Object(Config\Paths))
10 SYSTEMPATH\rewrite.php(44): require_once('D:\\TestSekawan\\testVehicle_booking\\public\\index.php')
CRITICAL - 2026-01-06 15:02:50 --> CodeIgniter\View\Exceptions\ViewException: Invalid file: "vehicles/index.php"
[Method: GET, Route: vehicle]
in SYSTEMPATH\Exceptions\FrameworkException.php on line 39.
 1 SYSTEMPATH\View\View.php(214): CodeIgniter\Exceptions\FrameworkException::forInvalidFile('vehicles/index.php')
 2 SYSTEMPATH\Common.php(1199): CodeIgniter\View\View->render('vehicles/index', [], true)
 3 APPPATH\Controllers\Vehicle.php(22): view('vehicles/index', [...])
 4 SYSTEMPATH\CodeIgniter.php(933): App\Controllers\Vehicle->index()
 5 SYSTEMPATH\CodeIgniter.php(507): CodeIgniter\CodeIgniter->runController(Object(App\Controllers\Vehicle))
 6 SYSTEMPATH\CodeIgniter.php(354): CodeIgniter\CodeIgniter->handleRequest(null, Object(Config\Cache), false)
 7 SYSTEMPATH\Boot.php(363): CodeIgniter\CodeIgniter->run()
 8 SYSTEMPATH\Boot.php(68): CodeIgniter\Boot::runCodeIgniter(Object(CodeIgniter\CodeIgniter))
 9 FCPATH\index.php(59): CodeIgniter\Boot::bootWeb(Object(Config\Paths))
10 SYSTEMPATH\rewrite.php(44): require_once('D:\\TestSekawan\\testVehicle_booking\\public\\index.php')
CRITICAL - 2026-01-06 15:03:48 --> CodeIgniter\View\Exceptions\ViewException: Invalid file: "vehicles/index.php"
[Method: GET, Route: vehicle]
in SYSTEMPATH\Exceptions\FrameworkException.php on line 39.
 1 SYSTEMPATH\View\View.php(214): CodeIgniter\Exceptions\FrameworkException::forInvalidFile('vehicles/index.php')
 2 SYSTEMPATH\Common.php(1199): CodeIgniter\View\View->render('vehicles/index', [], true)
 3 APPPATH\Controllers\Vehicle.php(22): view('vehicles/index', [...])
 4 SYSTEMPATH\CodeIgniter.php(933): App\Controllers\Vehicle->index()
 5 SYSTEMPATH\CodeIgniter.php(507): CodeIgniter\CodeIgniter->runController(Object(App\Controllers\Vehicle))
 6 SYSTEMPATH\CodeIgniter.php(354): CodeIgniter\CodeIgniter->handleRequest(null, Object(Config\Cache), false)
 7 SYSTEMPATH\Boot.php(363): CodeIgniter\CodeIgniter->run()
 8 SYSTEMPATH\Boot.php(68): CodeIgniter\Boot::runCodeIgniter(Object(CodeIgniter\CodeIgniter))
 9 FCPATH\index.php(59): CodeIgniter\Boot::bootWeb(Object(Config\Paths))
10 SYSTEMPATH\rewrite.php(44): require_once('D:\\TestSekawan\\testVehicle_booking\\public\\index.php')
CRITICAL - 2026-01-06 15:04:04 --> CodeIgniter\View\Exceptions\ViewException: Invalid file: "vehicles/index.php"
[Method: GET, Route: vehicle]
in SYSTEMPATH\Exceptions\FrameworkException.php on line 39.
 1 SYSTEMPATH\View\View.php(214): CodeIgniter\Exceptions\FrameworkException::forInvalidFile('vehicles/index.php')
 2 SYSTEMPATH\Common.php(1199): CodeIgniter\View\View->render('vehicles/index', [], true)
 3 APPPATH\Controllers\Vehicle.php(22): view('vehicles/index', [...])
 4 SYSTEMPATH\CodeIgniter.php(933): App\Controllers\Vehicle->index()
 5 SYSTEMPATH\CodeIgniter.php(507): CodeIgniter\CodeIgniter->runController(Object(App\Controllers\Vehicle))
 6 SYSTEMPATH\CodeIgniter.php(354): CodeIgniter\CodeIgniter->handleRequest(null, Object(Config\Cache), false)
 7 SYSTEMPATH\Boot.php(363): CodeIgniter\CodeIgniter->run()
 8 SYSTEMPATH\Boot.php(68): CodeIgniter\Boot::runCodeIgniter(Object(CodeIgniter\CodeIgniter))
 9 FCPATH\index.php(59): CodeIgniter\Boot::bootWeb(Object(Config\Paths))
10 SYSTEMPATH\rewrite.php(44): require_once('D:\\TestSekawan\\testVehicle_booking\\public\\index.php')
CRITICAL - 2026-01-06 15:07:53 --> CodeIgniter\View\Exceptions\ViewException: Invalid file: "vehicles/create.php"
[Method: GET, Route: vehicle/create]
in SYSTEMPATH\Exceptions\FrameworkException.php on line 39.
 1 SYSTEMPATH\View\View.php(214): CodeIgniter\Exceptions\FrameworkException::forInvalidFile('vehicles/create.php')
 2 SYSTEMPATH\Common.php(1199): CodeIgniter\View\View->render('vehicles/create', [], true)
 3 APPPATH\Controllers\Vehicle.php(33): view('vehicles/create', [...])
 4 SYSTEMPATH\CodeIgniter.php(933): App\Controllers\Vehicle->create()
 5 SYSTEMPATH\CodeIgniter.php(507): CodeIgniter\CodeIgniter->runController(Object(App\Controllers\Vehicle))
 6 SYSTEMPATH\CodeIgniter.php(354): CodeIgniter\CodeIgniter->handleRequest(null, Object(Config\Cache), false)
 7 SYSTEMPATH\Boot.php(363): CodeIgniter\CodeIgniter->run()
 8 SYSTEMPATH\Boot.php(68): CodeIgniter\Boot::runCodeIgniter(Object(CodeIgniter\CodeIgniter))
 9 FCPATH\index.php(59): CodeIgniter\Boot::bootWeb(Object(Config\Paths))
10 SYSTEMPATH\rewrite.php(44): require_once('D:\\TestSekawan\\testVehicle_booking\\public\\index.php')
CRITICAL - 2026-01-06 15:11:22 --> CodeIgniter\View\Exceptions\ViewException: Invalid file: "Vehicle/create.php"
[Method: GET, Route: vehicle/create]
in SYSTEMPATH\Exceptions\FrameworkException.php on line 39.
 1 SYSTEMPATH\View\View.php(214): CodeIgniter\Exceptions\FrameworkException::forInvalidFile('Vehicle/create.php')
 2 SYSTEMPATH\Common.php(1199): CodeIgniter\View\View->render('Vehicle/create', [], true)
 3 APPPATH\Controllers\Vehicle.php(33): view('Vehicle/create', [...])
 4 SYSTEMPATH\CodeIgniter.php(933): App\Controllers\Vehicle->create()
 5 SYSTEMPATH\CodeIgniter.php(507): CodeIgniter\CodeIgniter->runController(Object(App\Controllers\Vehicle))
 6 SYSTEMPATH\CodeIgniter.php(354): CodeIgniter\CodeIgniter->handleRequest(null, Object(Config\Cache), false)
 7 SYSTEMPATH\Boot.php(363): CodeIgniter\CodeIgniter->run()
 8 SYSTEMPATH\Boot.php(68): CodeIgniter\Boot::runCodeIgniter(Object(CodeIgniter\CodeIgniter))
 9 FCPATH\index.php(59): CodeIgniter\Boot::bootWeb(Object(Config\Paths))
10 SYSTEMPATH\rewrite.php(44): require_once('D:\\TestSekawan\\testVehicle_booking\\public\\index.php')
CRITICAL - 2026-01-06 15:12:59 --> ErrorException: Undefined variable $v
[Method: GET, Route: vehicle]
in APPPATH\Views\Vehicle\index.php on line 36.
 1 APPPATH\Views\Vehicle\index.php(36): CodeIgniter\Debug\Exceptions->errorHandler(2, 'Undefined variable $v', 'D:\\TestSekawan\\testVehicle_booking\\app\\Views\\Vehicle\\index.php', 36)
 2 SYSTEMPATH\View\View.php(226): include('D:\\TestSekawan\\testVehicle_booking\\app\\Views\\Vehicle\\index.php')
 3 SYSTEMPATH\View\View.php(229): CodeIgniter\View\View->CodeIgniter\View\{closure}()
 4 SYSTEMPATH\Common.php(1199): CodeIgniter\View\View->render('Vehicle/index', [], true)
 5 APPPATH\Controllers\Vehicle.php(23): view('Vehicle/index', [...])
 6 SYSTEMPATH\CodeIgniter.php(933): App\Controllers\Vehicle->index()
 7 SYSTEMPATH\CodeIgniter.php(507): CodeIgniter\CodeIgniter->runController(Object(App\Controllers\Vehicle))
 8 SYSTEMPATH\CodeIgniter.php(354): CodeIgniter\CodeIgniter->handleRequest(null, Object(Config\Cache), false)
 9 SYSTEMPATH\Boot.php(363): CodeIgniter\CodeIgniter->run()
10 SYSTEMPATH\Boot.php(68): CodeIgniter\Boot::runCodeIgniter(Object(CodeIgniter\CodeIgniter))
11 FCPATH\index.php(59): CodeIgniter\Boot::bootWeb(Object(Config\Paths))
12 SYSTEMPATH\rewrite.php(44): require_once('D:\\TestSekawan\\testVehicle_booking\\public\\index.php')
CRITICAL - 2026-01-06 15:13:04 --> ErrorException: Undefined variable $v
[Method: GET, Route: vehicle]
in APPPATH\Views\Vehicle\index.php on line 36.
 1 APPPATH\Views\Vehicle\index.php(36): CodeIgniter\Debug\Exceptions->errorHandler(2, 'Undefined variable $v', 'D:\\TestSekawan\\testVehicle_booking\\app\\Views\\Vehicle\\index.php', 36)
 2 SYSTEMPATH\View\View.php(226): include('D:\\TestSekawan\\testVehicle_booking\\app\\Views\\Vehicle\\index.php')
 3 SYSTEMPATH\View\View.php(229): CodeIgniter\View\View->CodeIgniter\View\{closure}()
 4 SYSTEMPATH\Common.php(1199): CodeIgniter\View\View->render('Vehicle/index', [], true)
 5 APPPATH\Controllers\Vehicle.php(23): view('Vehicle/index', [...])
 6 SYSTEMPATH\CodeIgniter.php(933): App\Controllers\Vehicle->index()
 7 SYSTEMPATH\CodeIgniter.php(507): CodeIgniter\CodeIgniter->runController(Object(App\Controllers\Vehicle))
 8 SYSTEMPATH\CodeIgniter.php(354): CodeIgniter\CodeIgniter->handleRequest(null, Object(Config\Cache), false)
 9 SYSTEMPATH\Boot.php(363): CodeIgniter\CodeIgniter->run()
10 SYSTEMPATH\Boot.php(68): CodeIgniter\Boot::runCodeIgniter(Object(CodeIgniter\CodeIgniter))
11 FCPATH\index.php(59): CodeIgniter\Boot::bootWeb(Object(Config\Paths))
12 SYSTEMPATH\rewrite.php(44): require_once('D:\\TestSekawan\\testVehicle_booking\\public\\index.php')
CRITICAL - 2026-01-06 15:30:32 --> CodeIgniter\View\Exceptions\ViewException: Invalid file: "Driver/create.php"
[Method: GET, Route: driver/create]
in SYSTEMPATH\Exceptions\FrameworkException.php on line 39.
 1 SYSTEMPATH\View\View.php(214): CodeIgniter\Exceptions\FrameworkException::forInvalidFile('Driver/create.php')
 2 SYSTEMPATH\Common.php(1199): CodeIgniter\View\View->render('Driver/create', [], true)
 3 APPPATH\Controllers\Driver.php(28): view('Driver/create', [...])
 4 SYSTEMPATH\CodeIgniter.php(933): App\Controllers\Driver->create()
 5 SYSTEMPATH\CodeIgniter.php(507): CodeIgniter\CodeIgniter->runController(Object(App\Controllers\Driver))
 6 SYSTEMPATH\CodeIgniter.php(354): CodeIgniter\CodeIgniter->handleRequest(null, Object(Config\Cache), false)
 7 SYSTEMPATH\Boot.php(363): CodeIgniter\CodeIgniter->run()
 8 SYSTEMPATH\Boot.php(68): CodeIgniter\Boot::runCodeIgniter(Object(CodeIgniter\CodeIgniter))
 9 FCPATH\index.php(59): CodeIgniter\Boot::bootWeb(Object(Config\Paths))
10 SYSTEMPATH\rewrite.php(44): require_once('D:\\TestSekawan\\testVehicle_booking\\public\\index.php')
CRITICAL - 2026-01-06 15:32:38 --> ErrorException: Undefined variable $v
[Method: GET, Route: driver]
in APPPATH\Views\Driver\index.php on line 46.
 1 APPPATH\Views\Driver\index.php(46): CodeIgniter\Debug\Exceptions->errorHandler(2, 'Undefined variable $v', 'D:\\TestSekawan\\testVehicle_booking\\app\\Views\\Driver\\index.php', 46)
 2 SYSTEMPATH\View\View.php(226): include('D:\\TestSekawan\\testVehicle_booking\\app\\Views\\Driver\\index.php')
 3 SYSTEMPATH\View\View.php(229): CodeIgniter\View\View->CodeIgniter\View\{closure}()
 4 SYSTEMPATH\Common.php(1199): CodeIgniter\View\View->render('Driver/index', [], true)
 5 APPPATH\Controllers\Driver.php(23): view('Driver/index', [...])
 6 SYSTEMPATH\CodeIgniter.php(933): App\Controllers\Driver->index()
 7 SYSTEMPATH\CodeIgniter.php(507): CodeIgniter\CodeIgniter->runController(Object(App\Controllers\Driver))
 8 SYSTEMPATH\CodeIgniter.php(354): CodeIgniter\CodeIgniter->handleRequest(null, Object(Config\Cache), false)
 9 SYSTEMPATH\Boot.php(363): CodeIgniter\CodeIgniter->run()
10 SYSTEMPATH\Boot.php(68): CodeIgniter\Boot::runCodeIgniter(Object(CodeIgniter\CodeIgniter))
11 FCPATH\index.php(59): CodeIgniter\Boot::bootWeb(Object(Config\Paths))
12 SYSTEMPATH\rewrite.php(44): require_once('D:\\TestSekawan\\testVehicle_booking\\public\\index.php')
CRITICAL - 2026-01-06 15:33:27 --> ErrorException: Undefined variable $v
[Method: GET, Route: driver]
in APPPATH\Views\Driver\index.php on line 46.
 1 APPPATH\Views\Driver\index.php(46): CodeIgniter\Debug\Exceptions->errorHandler(2, 'Undefined variable $v', 'D:\\TestSekawan\\testVehicle_booking\\app\\Views\\Driver\\index.php', 46)
 2 SYSTEMPATH\View\View.php(226): include('D:\\TestSekawan\\testVehicle_booking\\app\\Views\\Driver\\index.php')
 3 SYSTEMPATH\View\View.php(229): CodeIgniter\View\View->CodeIgniter\View\{closure}()
 4 SYSTEMPATH\Common.php(1199): CodeIgniter\View\View->render('Driver/index', [], true)
 5 APPPATH\Controllers\Driver.php(23): view('Driver/index', [...])
 6 SYSTEMPATH\CodeIgniter.php(933): App\Controllers\Driver->index()
 7 SYSTEMPATH\CodeIgniter.php(507): CodeIgniter\CodeIgniter->runController(Object(App\Controllers\Driver))
 8 SYSTEMPATH\CodeIgniter.php(354): CodeIgniter\CodeIgniter->handleRequest(null, Object(Config\Cache), false)
 9 SYSTEMPATH\Boot.php(363): CodeIgniter\CodeIgniter->run()
10 SYSTEMPATH\Boot.php(68): CodeIgniter\Boot::runCodeIgniter(Object(CodeIgniter\CodeIgniter))
11 FCPATH\index.php(59): CodeIgniter\Boot::bootWeb(Object(Config\Paths))
12 SYSTEMPATH\rewrite.php(44): require_once('D:\\TestSekawan\\testVehicle_booking\\public\\index.php')
CRITICAL - 2026-01-06 15:34:44 --> ErrorException: Undefined variable $v
[Method: GET, Route: driver]
in APPPATH\Views\Driver\index.php on line 46.
 1 APPPATH\Views\Driver\index.php(46): CodeIgniter\Debug\Exceptions->errorHandler(2, 'Undefined variable $v', 'D:\\TestSekawan\\testVehicle_booking\\app\\Views\\Driver\\index.php', 46)
 2 SYSTEMPATH\View\View.php(226): include('D:\\TestSekawan\\testVehicle_booking\\app\\Views\\Driver\\index.php')
 3 SYSTEMPATH\View\View.php(229): CodeIgniter\View\View->CodeIgniter\View\{closure}()
 4 SYSTEMPATH\Common.php(1199): CodeIgniter\View\View->render('Driver/index', [], true)
 5 APPPATH\Controllers\Driver.php(23): view('Driver/index', [...])
 6 SYSTEMPATH\CodeIgniter.php(933): App\Controllers\Driver->index()
 7 SYSTEMPATH\CodeIgniter.php(507): CodeIgniter\CodeIgniter->runController(Object(App\Controllers\Driver))
 8 SYSTEMPATH\CodeIgniter.php(354): CodeIgniter\CodeIgniter->handleRequest(null, Object(Config\Cache), false)
 9 SYSTEMPATH\Boot.php(363): CodeIgniter\CodeIgniter->run()
10 SYSTEMPATH\Boot.php(68): CodeIgniter\Boot::runCodeIgniter(Object(CodeIgniter\CodeIgniter))
11 FCPATH\index.php(59): CodeIgniter\Boot::bootWeb(Object(Config\Paths))
12 SYSTEMPATH\rewrite.php(44): require_once('D:\\TestSekawan\\testVehicle_booking\\public\\index.php')
CRITICAL - 2026-01-06 15:34:49 --> ErrorException: Undefined variable $v
[Method: GET, Route: driver]
in APPPATH\Views\Driver\index.php on line 46.
 1 APPPATH\Views\Driver\index.php(46): CodeIgniter\Debug\Exceptions->errorHandler(2, 'Undefined variable $v', 'D:\\TestSekawan\\testVehicle_booking\\app\\Views\\Driver\\index.php', 46)
 2 SYSTEMPATH\View\View.php(226): include('D:\\TestSekawan\\testVehicle_booking\\app\\Views\\Driver\\index.php')
 3 SYSTEMPATH\View\View.php(229): CodeIgniter\View\View->CodeIgniter\View\{closure}()
 4 SYSTEMPATH\Common.php(1199): CodeIgniter\View\View->render('Driver/index', [], true)
 5 APPPATH\Controllers\Driver.php(23): view('Driver/index', [...])
 6 SYSTEMPATH\CodeIgniter.php(933): App\Controllers\Driver->index()
 7 SYSTEMPATH\CodeIgniter.php(507): CodeIgniter\CodeIgniter->runController(Object(App\Controllers\Driver))
 8 SYSTEMPATH\CodeIgniter.php(354): CodeIgniter\CodeIgniter->handleRequest(null, Object(Config\Cache), false)
 9 SYSTEMPATH\Boot.php(363): CodeIgniter\CodeIgniter->run()
10 SYSTEMPATH\Boot.php(68): CodeIgniter\Boot::runCodeIgniter(Object(CodeIgniter\CodeIgniter))
11 FCPATH\index.php(59): CodeIgniter\Boot::bootWeb(Object(Config\Paths))
12 SYSTEMPATH\rewrite.php(44): require_once('D:\\TestSekawan\\testVehicle_booking\\public\\index.php')
CRITICAL - 2026-01-06 15:34:53 --> ErrorException: Undefined variable $v
[Method: GET, Route: driver]
in APPPATH\Views\Driver\index.php on line 46.
 1 APPPATH\Views\Driver\index.php(46): CodeIgniter\Debug\Exceptions->errorHandler(2, 'Undefined variable $v', 'D:\\TestSekawan\\testVehicle_booking\\app\\Views\\Driver\\index.php', 46)
 2 SYSTEMPATH\View\View.php(226): include('D:\\TestSekawan\\testVehicle_booking\\app\\Views\\Driver\\index.php')
 3 SYSTEMPATH\View\View.php(229): CodeIgniter\View\View->CodeIgniter\View\{closure}()
 4 SYSTEMPATH\Common.php(1199): CodeIgniter\View\View->render('Driver/index', [], true)
 5 APPPATH\Controllers\Driver.php(23): view('Driver/index', [...])
 6 SYSTEMPATH\CodeIgniter.php(933): App\Controllers\Driver->index()
 7 SYSTEMPATH\CodeIgniter.php(507): CodeIgniter\CodeIgniter->runController(Object(App\Controllers\Driver))
 8 SYSTEMPATH\CodeIgniter.php(354): CodeIgniter\CodeIgniter->handleRequest(null, Object(Config\Cache), false)
 9 SYSTEMPATH\Boot.php(363): CodeIgniter\CodeIgniter->run()
10 SYSTEMPATH\Boot.php(68): CodeIgniter\Boot::runCodeIgniter(Object(CodeIgniter\CodeIgniter))
11 FCPATH\index.php(59): CodeIgniter\Boot::bootWeb(Object(Config\Paths))
12 SYSTEMPATH\rewrite.php(44): require_once('D:\\TestSekawan\\testVehicle_booking\\public\\index.php')
CRITICAL - 2026-01-06 15:35:00 --> ErrorException: Undefined variable $v
[Method: GET, Route: driver]
in APPPATH\Views\Driver\index.php on line 46.
 1 APPPATH\Views\Driver\index.php(46): CodeIgniter\Debug\Exceptions->errorHandler(2, 'Undefined variable $v', 'D:\\TestSekawan\\testVehicle_booking\\app\\Views\\Driver\\index.php', 46)
 2 SYSTEMPATH\View\View.php(226): include('D:\\TestSekawan\\testVehicle_booking\\app\\Views\\Driver\\index.php')
 3 SYSTEMPATH\View\View.php(229): CodeIgniter\View\View->CodeIgniter\View\{closure}()
 4 SYSTEMPATH\Common.php(1199): CodeIgniter\View\View->render('Driver/index', [], true)
 5 APPPATH\Controllers\Driver.php(23): view('Driver/index', [...])
 6 SYSTEMPATH\CodeIgniter.php(933): App\Controllers\Driver->index()
 7 SYSTEMPATH\CodeIgniter.php(507): CodeIgniter\CodeIgniter->runController(Object(App\Controllers\Driver))
 8 SYSTEMPATH\CodeIgniter.php(354): CodeIgniter\CodeIgniter->handleRequest(null, Object(Config\Cache), false)
 9 SYSTEMPATH\Boot.php(363): CodeIgniter\CodeIgniter->run()
10 SYSTEMPATH\Boot.php(68): CodeIgniter\Boot::runCodeIgniter(Object(CodeIgniter\CodeIgniter))
11 FCPATH\index.php(59): CodeIgniter\Boot::bootWeb(Object(Config\Paths))
12 SYSTEMPATH\rewrite.php(44): require_once('D:\\TestSekawan\\testVehicle_booking\\public\\index.php')
CRITICAL - 2026-01-06 15:35:18 --> ErrorException: Undefined variable $v
[Method: GET, Route: driver]
in APPPATH\Views\Driver\index.php on line 46.
 1 APPPATH\Views\Driver\index.php(46): CodeIgniter\Debug\Exceptions->errorHandler(2, 'Undefined variable $v', 'D:\\TestSekawan\\testVehicle_booking\\app\\Views\\Driver\\index.php', 46)
 2 SYSTEMPATH\View\View.php(226): include('D:\\TestSekawan\\testVehicle_booking\\app\\Views\\Driver\\index.php')
 3 SYSTEMPATH\View\View.php(229): CodeIgniter\View\View->CodeIgniter\View\{closure}()
 4 SYSTEMPATH\Common.php(1199): CodeIgniter\View\View->render('Driver/index', [], true)
 5 APPPATH\Controllers\Driver.php(23): view('Driver/index', [...])
 6 SYSTEMPATH\CodeIgniter.php(933): App\Controllers\Driver->index()
 7 SYSTEMPATH\CodeIgniter.php(507): CodeIgniter\CodeIgniter->runController(Object(App\Controllers\Driver))
 8 SYSTEMPATH\CodeIgniter.php(354): CodeIgniter\CodeIgniter->handleRequest(null, Object(Config\Cache), false)
 9 SYSTEMPATH\Boot.php(363): CodeIgniter\CodeIgniter->run()
10 SYSTEMPATH\Boot.php(68): CodeIgniter\Boot::runCodeIgniter(Object(CodeIgniter\CodeIgniter))
11 FCPATH\index.php(59): CodeIgniter\Boot::bootWeb(Object(Config\Paths))
12 SYSTEMPATH\rewrite.php(44): require_once('D:\\TestSekawan\\testVehicle_booking\\public\\index.php')
CRITICAL - 2026-01-06 15:35:22 --> ErrorException: Undefined variable $v
[Method: GET, Route: driver]
in APPPATH\Views\Driver\index.php on line 46.
 1 APPPATH\Views\Driver\index.php(46): CodeIgniter\Debug\Exceptions->errorHandler(2, 'Undefined variable $v', 'D:\\TestSekawan\\testVehicle_booking\\app\\Views\\Driver\\index.php', 46)
 2 SYSTEMPATH\View\View.php(226): include('D:\\TestSekawan\\testVehicle_booking\\app\\Views\\Driver\\index.php')
 3 SYSTEMPATH\View\View.php(229): CodeIgniter\View\View->CodeIgniter\View\{closure}()
 4 SYSTEMPATH\Common.php(1199): CodeIgniter\View\View->render('Driver/index', [], true)
 5 APPPATH\Controllers\Driver.php(23): view('Driver/index', [...])
 6 SYSTEMPATH\CodeIgniter.php(933): App\Controllers\Driver->index()
 7 SYSTEMPATH\CodeIgniter.php(507): CodeIgniter\CodeIgniter->runController(Object(App\Controllers\Driver))
 8 SYSTEMPATH\CodeIgniter.php(354): CodeIgniter\CodeIgniter->handleRequest(null, Object(Config\Cache), false)
 9 SYSTEMPATH\Boot.php(363): CodeIgniter\CodeIgniter->run()
10 SYSTEMPATH\Boot.php(68): CodeIgniter\Boot::runCodeIgniter(Object(CodeIgniter\CodeIgniter))
11 FCPATH\index.php(59): CodeIgniter\Boot::bootWeb(Object(Config\Paths))
12 SYSTEMPATH\rewrite.php(44): require_once('D:\\TestSekawan\\testVehicle_booking\\public\\index.php')
CRITICAL - 2026-01-06 15:36:21 --> ErrorException: Undefined variable $v
[Method: GET, Route: driver]
in APPPATH\Views\Driver\index.php on line 46.
 1 APPPATH\Views\Driver\index.php(46): CodeIgniter\Debug\Exceptions->errorHandler(2, 'Undefined variable $v', 'D:\\TestSekawan\\testVehicle_booking\\app\\Views\\Driver\\index.php', 46)
 2 SYSTEMPATH\View\View.php(226): include('D:\\TestSekawan\\testVehicle_booking\\app\\Views\\Driver\\index.php')
 3 SYSTEMPATH\View\View.php(229): CodeIgniter\View\View->CodeIgniter\View\{closure}()
 4 SYSTEMPATH\Common.php(1199): CodeIgniter\View\View->render('Driver/index', [], true)
 5 APPPATH\Controllers\Driver.php(23): view('Driver/index', [...])
 6 SYSTEMPATH\CodeIgniter.php(933): App\Controllers\Driver->index()
 7 SYSTEMPATH\CodeIgniter.php(507): CodeIgniter\CodeIgniter->runController(Object(App\Controllers\Driver))
 8 SYSTEMPATH\CodeIgniter.php(354): CodeIgniter\CodeIgniter->handleRequest(null, Object(Config\Cache), false)
 9 SYSTEMPATH\Boot.php(363): CodeIgniter\CodeIgniter->run()
10 SYSTEMPATH\Boot.php(68): CodeIgniter\Boot::runCodeIgniter(Object(CodeIgniter\CodeIgniter))
11 FCPATH\index.php(59): CodeIgniter\Boot::bootWeb(Object(Config\Paths))
12 SYSTEMPATH\rewrite.php(44): require_once('D:\\TestSekawan\\testVehicle_booking\\public\\index.php')
CRITICAL - 2026-01-06 15:37:13 --> ErrorException: Undefined variable $v
[Method: GET, Route: driver]
in APPPATH\Views\Driver\index.php on line 46.
 1 APPPATH\Views\Driver\index.php(46): CodeIgniter\Debug\Exceptions->errorHandler(2, 'Undefined variable $v', 'D:\\TestSekawan\\testVehicle_booking\\app\\Views\\Driver\\index.php', 46)
 2 SYSTEMPATH\View\View.php(226): include('D:\\TestSekawan\\testVehicle_booking\\app\\Views\\Driver\\index.php')
 3 SYSTEMPATH\View\View.php(229): CodeIgniter\View\View->CodeIgniter\View\{closure}()
 4 SYSTEMPATH\Common.php(1199): CodeIgniter\View\View->render('Driver/index', [], true)
 5 APPPATH\Controllers\Driver.php(23): view('Driver/index', [...])
 6 SYSTEMPATH\CodeIgniter.php(933): App\Controllers\Driver->index()
 7 SYSTEMPATH\CodeIgniter.php(507): CodeIgniter\CodeIgniter->runController(Object(App\Controllers\Driver))
 8 SYSTEMPATH\CodeIgniter.php(354): CodeIgniter\CodeIgniter->handleRequest(null, Object(Config\Cache), false)
 9 SYSTEMPATH\Boot.php(363): CodeIgniter\CodeIgniter->run()
10 SYSTEMPATH\Boot.php(68): CodeIgniter\Boot::runCodeIgniter(Object(CodeIgniter\CodeIgniter))
11 FCPATH\index.php(59): CodeIgniter\Boot::bootWeb(Object(Config\Paths))
12 SYSTEMPATH\rewrite.php(44): require_once('D:\\TestSekawan\\testVehicle_booking\\public\\index.php')
CRITICAL - 2026-01-06 15:38:04 --> ErrorException: Undefined variable $v
[Method: GET, Route: driver]
in APPPATH\Views\Driver\index.php on line 46.
 1 APPPATH\Views\Driver\index.php(46): CodeIgniter\Debug\Exceptions->errorHandler(2, 'Undefined variable $v', 'D:\\TestSekawan\\testVehicle_booking\\app\\Views\\Driver\\index.php', 46)
 2 SYSTEMPATH\View\View.php(226): include('D:\\TestSekawan\\testVehicle_booking\\app\\Views\\Driver\\index.php')
 3 SYSTEMPATH\View\View.php(229): CodeIgniter\View\View->CodeIgniter\View\{closure}()
 4 SYSTEMPATH\Common.php(1199): CodeIgniter\View\View->render('Driver/index', [], true)
 5 APPPATH\Controllers\Driver.php(23): view('Driver/index', [...])
 6 SYSTEMPATH\CodeIgniter.php(933): App\Controllers\Driver->index()
 7 SYSTEMPATH\CodeIgniter.php(507): CodeIgniter\CodeIgniter->runController(Object(App\Controllers\Driver))
 8 SYSTEMPATH\CodeIgniter.php(354): CodeIgniter\CodeIgniter->handleRequest(null, Object(Config\Cache), false)
 9 SYSTEMPATH\Boot.php(363): CodeIgniter\CodeIgniter->run()
10 SYSTEMPATH\Boot.php(68): CodeIgniter\Boot::runCodeIgniter(Object(CodeIgniter\CodeIgniter))
11 FCPATH\index.php(59): CodeIgniter\Boot::bootWeb(Object(Config\Paths))
12 SYSTEMPATH\rewrite.php(44): require_once('D:\\TestSekawan\\testVehicle_booking\\public\\index.php')
CRITICAL - 2026-01-06 15:38:19 --> ErrorException: Undefined variable $v
[Method: GET, Route: driver]
in APPPATH\Views\Driver\index.php on line 46.
 1 APPPATH\Views\Driver\index.php(46): CodeIgniter\Debug\Exceptions->errorHandler(2, 'Undefined variable $v', 'D:\\TestSekawan\\testVehicle_booking\\app\\Views\\Driver\\index.php', 46)
 2 SYSTEMPATH\View\View.php(226): include('D:\\TestSekawan\\testVehicle_booking\\app\\Views\\Driver\\index.php')
 3 SYSTEMPATH\View\View.php(229): CodeIgniter\View\View->CodeIgniter\View\{closure}()
 4 SYSTEMPATH\Common.php(1199): CodeIgniter\View\View->render('Driver/index', [], true)
 5 APPPATH\Controllers\Driver.php(23): view('Driver/index', [...])
 6 SYSTEMPATH\CodeIgniter.php(933): App\Controllers\Driver->index()
 7 SYSTEMPATH\CodeIgniter.php(507): CodeIgniter\CodeIgniter->runController(Object(App\Controllers\Driver))
 8 SYSTEMPATH\CodeIgniter.php(354): CodeIgniter\CodeIgniter->handleRequest(null, Object(Config\Cache), false)
 9 SYSTEMPATH\Boot.php(363): CodeIgniter\CodeIgniter->run()
10 SYSTEMPATH\Boot.php(68): CodeIgniter\Boot::runCodeIgniter(Object(CodeIgniter\CodeIgniter))
11 FCPATH\index.php(59): CodeIgniter\Boot::bootWeb(Object(Config\Paths))
12 SYSTEMPATH\rewrite.php(44): require_once('D:\\TestSekawan\\testVehicle_booking\\public\\index.php')
CRITICAL - 2026-01-06 15:40:09 --> ErrorException: Undefined variable $v
[Method: GET, Route: driver]
in APPPATH\Views\Driver\index.php on line 46.
 1 APPPATH\Views\Driver\index.php(46): CodeIgniter\Debug\Exceptions->errorHandler(2, 'Undefined variable $v', 'D:\\TestSekawan\\testVehicle_booking\\app\\Views\\Driver\\index.php', 46)
 2 SYSTEMPATH\View\View.php(226): include('D:\\TestSekawan\\testVehicle_booking\\app\\Views\\Driver\\index.php')
 3 SYSTEMPATH\View\View.php(229): CodeIgniter\View\View->CodeIgniter\View\{closure}()
 4 SYSTEMPATH\Common.php(1199): CodeIgniter\View\View->render('Driver/index', [], true)
 5 APPPATH\Controllers\Driver.php(23): view('Driver/index', [...])
 6 SYSTEMPATH\CodeIgniter.php(933): App\Controllers\Driver->index()
 7 SYSTEMPATH\CodeIgniter.php(507): CodeIgniter\CodeIgniter->runController(Object(App\Controllers\Driver))
 8 SYSTEMPATH\CodeIgniter.php(354): CodeIgniter\CodeIgniter->handleRequest(null, Object(Config\Cache), false)
 9 SYSTEMPATH\Boot.php(363): CodeIgniter\CodeIgniter->run()
10 SYSTEMPATH\Boot.php(68): CodeIgniter\Boot::runCodeIgniter(Object(CodeIgniter\CodeIgniter))
11 FCPATH\index.php(59): CodeIgniter\Boot::bootWeb(Object(Config\Paths))
12 SYSTEMPATH\rewrite.php(44): require_once('D:\\TestSekawan\\testVehicle_booking\\public\\index.php')
DEBUG - 2026-01-06 15:40:12 --> Session: Class initialized using 'CodeIgniter\Session\Handlers\FileHandler' driver.
CRITICAL - 2026-01-06 15:40:14 --> ErrorException: Undefined variable $v
[Method: GET, Route: driver]
in APPPATH\Views\Driver\index.php on line 46.
 1 APPPATH\Views\Driver\index.php(46): CodeIgniter\Debug\Exceptions->errorHandler(2, 'Undefined variable $v', 'D:\\TestSekawan\\testVehicle_booking\\app\\Views\\Driver\\index.php', 46)
 2 SYSTEMPATH\View\View.php(226): include('D:\\TestSekawan\\testVehicle_booking\\app\\Views\\Driver\\index.php')
 3 SYSTEMPATH\View\View.php(229): CodeIgniter\View\View->CodeIgniter\View\{closure}()
 4 SYSTEMPATH\Common.php(1199): CodeIgniter\View\View->render('Driver/index', [], true)
 5 APPPATH\Controllers\Driver.php(23): view('Driver/index', [...])
 6 SYSTEMPATH\CodeIgniter.php(933): App\Controllers\Driver->index()
 7 SYSTEMPATH\CodeIgniter.php(507): CodeIgniter\CodeIgniter->runController(Object(App\Controllers\Driver))
 8 SYSTEMPATH\CodeIgniter.php(354): CodeIgniter\CodeIgniter->handleRequest(null, Object(Config\Cache), false)
 9 SYSTEMPATH\Boot.php(363): CodeIgniter\CodeIgniter->run()
10 SYSTEMPATH\Boot.php(68): CodeIgniter\Boot::runCodeIgniter(Object(CodeIgniter\CodeIgniter))
11 FCPATH\index.php(59): CodeIgniter\Boot::bootWeb(Object(Config\Paths))
12 SYSTEMPATH\rewrite.php(44): require_once('D:\\TestSekawan\\testVehicle_booking\\public\\index.php')
DEBUG - 2026-01-06 15:40:56 --> Session: Class initialized using 'CodeIgniter\Session\Handlers\FileHandler' driver.
DEBUG - 2026-01-06 15:40:58 --> Session: Class initialized using 'CodeIgniter\Session\Handlers\FileHandler' driver.
DEBUG - 2026-01-06 15:41:03 --> Session: Class initialized using 'CodeIgniter\Session\Handlers\FileHandler' driver.
DEBUG - 2026-01-06 15:41:08 --> Session: Class initialized using 'CodeIgniter\Session\Handlers\FileHandler' driver.
DEBUG - 2026-01-06 15:41:11 --> Session: Class initialized using 'CodeIgniter\Session\Handlers\FileHandler' driver.
